<?xml version="1.0" encoding="UTF-8"?>
<<<<<<<< HEAD:Library_sys/target/surefire-reports/TEST-test.java.unitTest.BookTest.xml
<testsuite xmlns:xsi="http://www.w3.org/2001/XMLSchema-instance" xsi:noNamespaceSchemaLocation="https://maven.apache.org/surefire/maven-surefire-plugin/xsd/surefire-test-report-3.0.xsd" version="3.0" name="test.java.unitTest.BookTest" time="0.075" tests="1" errors="0" skipped="0" failures="0">
========
<testsuite xmlns:xsi="http://www.w3.org/2001/XMLSchema-instance" xsi:noNamespaceSchemaLocation="https://maven.apache.org/surefire/maven-surefire-plugin/xsd/surefire-test-report-3.0.xsd" version="3.0" name="test.java.integrationTest.LibraryTest" time="0.046" tests="1" errors="0" skipped="0" failures="0">
>>>>>>>> ff5ace24dab0e7010120c25159e5f0450f3ca9e5:Library_sys/target/surefire-reports/TEST-test.java.integrationTest.LibraryTest.xml
  <properties>
[...]
</properties>
<<<<<<<< HEAD:Library_sys/target/surefire-reports/TEST-test.java.unitTest.BookTest.xml
  <testcase name="testBookTitle" classname="test.java.unitTest.BookTest" time="0.048"/>
========
  <testcase name="testAddBook" classname="test.java.integrationTest.LibraryTest" time="0.025"/>
>>>>>>>> ff5ace24dab0e7010120c25159e5f0450f3ca9e5:Library_sys/target/surefire-reports/TEST-test.java.integrationTest.LibraryTest.xml
</testsuite>