<?xml version="1.0" encoding="UTF-8"?>
<testsuite xmlns:xsi="http://www.w3.org/2001/XMLSchema-instance" xsi:noNamespaceSchemaLocation="https://maven.apache.org/surefire/maven-surefire-plugin/xsd/surefire-test-report-3.0.xsd" version="3.0" name="test.java.unitTest.UserTest" time="0.015" tests="3" errors="0" skipped="0" failures="0">
  <properties>
[...]
</properties>
  <testcase name="testBorrowedBook" classname="test.java.unitTest.UserTest" time="0.005"/>
  <testcase name="testUserInfo" classname="test.java.unitTest.UserTest" time="0.002"/>
  <testcase name="testReturn" classname="test.java.unitTest.UserTest" time="0.001"/>
</testsuite>