<?xml version="1.0" encoding="UTF-8"?>
<testsuite xmlns:xsi="http://www.w3.org/2001/XMLSchema-instance" xsi:noNamespaceSchemaLocation="https://maven.apache.org/surefire/maven-surefire-plugin/xsd/surefire-test-report-3.0.xsd" version="3.0" name="test.java.unitTest.BookTest" time="0.112" tests="5" errors="0" skipped="0" failures="0">
  <properties>
[...]
</properties>
  <testcase name="testReturnedBook" classname="test.java.unitTest.BookTest" time="0.053"/>
  <testcase name="testBookAttributes" classname="test.java.unitTest.BookTest" time="0.004"/>
  <testcase name="testBorrowedBook" classname="test.java.unitTest.BookTest" time="0.003"/>
  <testcase name="testNullValues" classname="test.java.unitTest.BookTest" time="0.001"/>
  <testcase name="testBookStatus" classname="test.java.unitTest.BookTest" time="0.001"/>
</testsuite>